info: ::1 - - [12/Jun/2023:02:56:27 +0000] "POST /api/v1/users/forget HTTP/1.1" 200 79 "-" "PostmanRuntime/7.32.2"

info: ::1 - - [12/Jun/2023:02:59:53 +0000] "POST /api/v1/users/forget HTTP/1.1" 200 79 "-" "PostmanRuntime/7.32.2"

info: ::1 - - [12/Jun/2023:03:27:52 +0000] "POST /api/v1/users/forget HTTP/1.1" 200 79 "-" "PostmanRuntime/7.32.2"

info: ::1 - - [12/Jun/2023:03:29:23 +0000] "POST /api/v1/users/forget HTTP/1.1" 200 79 "-" "PostmanRuntime/7.32.2"

info: ::1 - - [12/Jun/2023:06:28:08 +0000] "POST /api/v1/users/forget HTTP/1.1" 200 79 "-" "PostmanRuntime/7.32.2"

info: ::1 - - [12/Jun/2023:06:31:02 +0000] "POST /api/v1/users/forget HTTP/1.1" 200 79 "-" "PostmanRuntime/7.32.2"

info: ::1 - - [12/Jun/2023:06:32:50 +0000] "POST /api/v1/users/reset HTTP/1.1" 400 56 "-" "PostmanRuntime/7.32.2"

info: ::1 - - [12/Jun/2023:06:33:38 +0000] "POST /api/v1/users/login HTTP/1.1" 200 74 "-" "PostmanRuntime/7.32.2"

info: ::1 - - [12/Jun/2023:06:33:46 +0000] "POST /api/v1/users/login HTTP/1.1" 200 74 "-" "PostmanRuntime/7.32.2"

info: ::1 - - [12/Jun/2023:06:33:52 +0000] "POST /api/v1/users/login HTTP/1.1" 200 526 "-" "PostmanRuntime/7.32.2"

info: ::1 - - [12/Jun/2023:06:34:18 +0000] "POST /api/v1/users/reset HTTP/1.1" 500 48 "-" "PostmanRuntime/7.32.2"

info: ::1 - - [12/Jun/2023:06:35:24 +0000] "POST /api/v1/users/reset HTTP/1.1" 500 48 "-" "PostmanRuntime/7.32.2"

info: ::1 - - [12/Jun/2023:06:35:33 +0000] "POST /api/v1/users/reset HTTP/1.1" 500 48 "-" "PostmanRuntime/7.32.2"

info: ::1 - - [12/Jun/2023:06:36:21 +0000] "POST /api/v1/users/reset HTTP/1.1" 500 48 "-" "PostmanRuntime/7.32.2"

info: ::1 - - [12/Jun/2023:06:36:59 +0000] "POST /api/v1/users/reset HTTP/1.1" 500 48 "-" "PostmanRuntime/7.32.2"

info: ::1 - - [12/Jun/2023:06:40:20 +0000] "POST /api/v1/users/reset HTTP/1.1" 500 48 "-" "PostmanRuntime/7.32.2"

info: ::1 - - [12/Jun/2023:06:41:25 +0000] "POST /api/v1/users/reset HTTP/1.1" 500 52 "-" "PostmanRuntime/7.32.2"

info: ::1 - - [12/Jun/2023:06:42:16 +0000] "POST /api/v1/users/reset HTTP/1.1" 500 52 "-" "PostmanRuntime/7.32.2"

info: ::1 - - [12/Jun/2023:06:42:41 +0000] "POST /api/v1/users/reset HTTP/1.1" 500 48 "-" "PostmanRuntime/7.32.2"

info: ::1 - - [12/Jun/2023:06:44:01 +0000] "POST /api/v1/users/reset HTTP/1.1" 500 48 "-" "PostmanRuntime/7.32.2"

info: ::1 - - [12/Jun/2023:06:45:04 +0000] "POST /api/v1/users/reset HTTP/1.1" 500 48 "-" "PostmanRuntime/7.32.2"

info: ::1 - - [12/Jun/2023:06:48:32 +0000] "POST /api/v1/users/reset HTTP/1.1" 500 48 "-" "PostmanRuntime/7.32.2"

info: ::1 - - [12/Jun/2023:06:51:41 +0000] "POST /api/v1/users/reset HTTP/1.1" 500 48 "-" "PostmanRuntime/7.32.2"

info: ::1 - - [12/Jun/2023:06:53:52 +0000] "POST /api/v1/users/reset HTTP/1.1" 500 48 "-" "PostmanRuntime/7.32.2"

info: ::1 - - [12/Jun/2023:09:48:49 +0000] "POST /api/v1/users/reset HTTP/1.1" 200 62 "-" "PostmanRuntime/7.32.2"

info: ::1 - - [12/Jun/2023:09:50:52 +0000] "POST /api/v1/users/login HTTP/1.1" 200 526 "-" "PostmanRuntime/7.32.2"

info: ::1 - - [12/Jun/2023:09:50:58 +0000] "POST /api/v1/users/login HTTP/1.1" 200 74 "-" "PostmanRuntime/7.32.2"

info: ::1 - - [12/Jun/2023:09:51:27 +0000] "POST /api/v1/users/reset HTTP/1.1" 200 62 "-" "PostmanRuntime/7.32.2"

info: ::1 - - [12/Jun/2023:09:51:34 +0000] "POST /api/v1/users/login HTTP/1.1" 200 74 "-" "PostmanRuntime/7.32.2"

info: ::1 - - [12/Jun/2023:09:51:46 +0000] "POST /api/v1/users/login HTTP/1.1" 200 526 "-" "PostmanRuntime/7.32.2"

info: ::1 - - [12/Jun/2023:09:51:56 +0000] "POST /api/v1/users/reset HTTP/1.1" 200 62 "-" "PostmanRuntime/7.32.2"

info: ::1 - - [12/Jun/2023:09:52:02 +0000] "POST /api/v1/users/login HTTP/1.1" 200 74 "-" "PostmanRuntime/7.32.2"

info: ::1 - - [12/Jun/2023:09:52:06 +0000] "POST /api/v1/users/login HTTP/1.1" 200 526 "-" "PostmanRuntime/7.32.2"

info: ::1 - - [12/Jun/2023:11:01:21 +0000] "POST /api/v1/notes HTTP/1.1" 500 60 "-" "PostmanRuntime/7.32.2"

info: ::1 - - [12/Jun/2023:11:02:40 +0000] "POST /api/v1/notes HTTP/1.1" 201 58 "-" "PostmanRuntime/7.32.2"

info: ::1 - - [12/Jun/2023:11:03:41 +0000] "POST /api/v1/notes HTTP/1.1" 201 58 "-" "PostmanRuntime/7.32.2"

info: ::1 - - [12/Jun/2023:11:04:29 +0000] "POST /api/v1/notes HTTP/1.1" 201 241 "-" "PostmanRuntime/7.32.2"

info: ::1 - - [12/Jun/2023:11:04:57 +0000] "POST /api/v1/notes HTTP/1.1" 201 257 "-" "PostmanRuntime/7.32.2"

info: ::1 - - [12/Jun/2023:11:18:43 +0000] "POST /api/v1/notes HTTP/1.1" 201 257 "-" "PostmanRuntime/7.32.2"

info: ::1 - - [12/Jun/2023:11:18:48 +0000] "POST /api/v1/notes HTTP/1.1" 201 257 "-" "PostmanRuntime/7.32.2"

info: ::1 - - [12/Jun/2023:11:18:49 +0000] "POST /api/v1/notes HTTP/1.1" 201 257 "-" "PostmanRuntime/7.32.2"

info: ::1 - - [12/Jun/2023:11:20:36 +0000] "POST /api/v1/notes HTTP/1.1" 400 74 "-" "PostmanRuntime/7.32.2"

info: ::1 - - [12/Jun/2023:11:20:42 +0000] "POST /api/v1/notes HTTP/1.1" 400 74 "-" "PostmanRuntime/7.32.2"

info: ::1 - - [12/Jun/2023:11:22:00 +0000] "POST /api/v1/notes HTTP/1.1" 400 73 "-" "PostmanRuntime/7.32.2"

info: ::1 - - [12/Jun/2023:11:37:27 +0000] "POST /api/v1/notes HTTP/1.1" 400 73 "-" "PostmanRuntime/7.32.2"

info: ::1 - - [12/Jun/2023:11:40:25 +0000] "POST /api/v1/notes HTTP/1.1" 500 54 "-" "PostmanRuntime/7.32.2"

info: ::1 - - [12/Jun/2023:11:42:09 +0000] "POST /api/v1/notes HTTP/1.1" 201 258 "-" "PostmanRuntime/7.32.2"

info: ::1 - - [12/Jun/2023:12:14:23 +0000] "GET /api/v1/notes HTTP/1.1" 404 47 "-" "PostmanRuntime/7.32.2"

info: ::1 - - [12/Jun/2023:12:14:47 +0000] "GET /api/v1/notes HTTP/1.1" 500 87 "-" "PostmanRuntime/7.32.2"

info: ::1 - - [12/Jun/2023:12:15:25 +0000] "GET /api/v1/notes HTTP/1.1" 200 2066 "-" "PostmanRuntime/7.32.2"

info: ::1 - - [12/Jun/2023:15:17:24 +0000] "POST /api/v1/notes HTTP/1.1" 400 56 "-" "PostmanRuntime/7.32.2"

info: ::1 - - [12/Jun/2023:15:17:44 +0000] "POST /api/v1/notes HTTP/1.1" 500 74 "-" "PostmanRuntime/7.32.2"

info: ::1 - - [12/Jun/2023:15:18:05 +0000] "POST /api/v1/notes HTTP/1.1" 500 70 "-" "PostmanRuntime/7.32.2"

info: ::1 - - [12/Jun/2023:15:19:24 +0000] "POST /api/v1/notes HTTP/1.1" 201 250 "-" "PostmanRuntime/7.32.2"

info: ::1 - - [12/Jun/2023:15:20:00 +0000] "POST /api/v1/notes HTTP/1.1" 201 254 "-" "PostmanRuntime/7.32.2"

info: ::1 - - [12/Jun/2023:15:20:05 +0000] "GET /api/v1/notes HTTP/1.1" 200 457 "-" "PostmanRuntime/7.32.2"

info: ::1 - - [12/Jun/2023:15:20:18 +0000] "GET /api/v1/notes HTTP/1.1" 200 457 "-" "PostmanRuntime/7.32.2"

info: ::1 - - [12/Jun/2023:15:24:14 +0000] "GET /api/v1/notes/1 HTTP/1.1" 404 52 "-" "PostmanRuntime/7.32.2"

info: ::1 - - [12/Jun/2023:15:26:50 +0000] "GET /api/v1/notes/1 HTTP/1.1" 200 255 "-" "PostmanRuntime/7.32.2"

info: ::1 - - [12/Jun/2023:15:28:16 +0000] "GET /api/v1/notes/4 HTTP/1.1" 404 52 "-" "PostmanRuntime/7.32.2"

info: ::1 - - [12/Jun/2023:15:28:39 +0000] "GET /api/v1/notes/2 HTTP/1.1" 200 259 "-" "PostmanRuntime/7.32.2"

info: ::1 - - [12/Jun/2023:15:28:45 +0000] "GET /api/v1/notes/3 HTTP/1.1" 404 52 "-" "PostmanRuntime/7.32.2"

info: ::1 - - [12/Jun/2023:16:56:55 +0000] "PUT /api/v1/notes/2 HTTP/1.1" 400 68 "-" "PostmanRuntime/7.32.2"

info: ::1 - - [12/Jun/2023:17:26:21 +0000] "PUT /api/v1/notes/2 HTTP/1.1" 200 61 "-" "PostmanRuntime/7.32.2"

info: ::1 - - [12/Jun/2023:17:26:46 +0000] "PUT /api/v1/notes/2 HTTP/1.1" 200 61 "-" "PostmanRuntime/7.32.2"

info: ::1 - - [12/Jun/2023:17:27:33 +0000] "GET /api/v1/notes/2 HTTP/1.1" 200 259 "-" "PostmanRuntime/7.32.2"

info: ::1 - - [12/Jun/2023:17:27:52 +0000] "PUT /api/v1/notes/2 HTTP/1.1" 200 61 "-" "PostmanRuntime/7.32.2"

info: ::1 - - [12/Jun/2023:17:27:58 +0000] "GET /api/v1/notes/2 HTTP/1.1" 200 259 "-" "PostmanRuntime/7.32.2"

info: ::1 - - [12/Jun/2023:17:28:15 +0000] "GET /api/v1/notes/2 HTTP/1.1" 200 259 "-" "PostmanRuntime/7.32.2"

info: ::1 - - [12/Jun/2023:17:28:23 +0000] "PUT /api/v1/notes/2 HTTP/1.1" 400 74 "-" "PostmanRuntime/7.32.2"

info: ::1 - - [12/Jun/2023:17:28:42 +0000] "PUT /api/v1/notes/2 HTTP/1.1" 200 61 "-" "PostmanRuntime/7.32.2"

info: ::1 - - [12/Jun/2023:17:28:47 +0000] "GET /api/v1/notes/2 HTTP/1.1" 200 259 "-" "PostmanRuntime/7.32.2"

info: ::1 - - [12/Jun/2023:17:31:46 +0000] "PUT /api/v1/notes/2 HTTP/1.1" 200 61 "-" "PostmanRuntime/7.32.2"

info: ::1 - - [12/Jun/2023:17:32:18 +0000] "DELETE /api/v1/notes/2 HTTP/1.1" 200 67 "-" "PostmanRuntime/7.32.2"

info: ::1 - - [12/Jun/2023:17:32:26 +0000] "GET /api/v1/notes/2 HTTP/1.1" 404 52 "-" "PostmanRuntime/7.32.2"

info: ::1 - - [12/Jun/2023:17:32:33 +0000] "GET /api/v1/notes/1 HTTP/1.1" 200 255 "-" "PostmanRuntime/7.32.2"

info: ::1 - - [12/Jun/2023:17:32:48 +0000] "DELETE /api/v1/notes/2 HTTP/1.1" 404 68 "-" "PostmanRuntime/7.32.2"

